<?xml version="1.0" encoding="UTF-8"?>
<!-- Generated by org.testng.reporters.JUnitReportReporter -->
<testsuite hostname="LAPTOP-QH8NFJ6B" failures="0" tests="1" name="TestCaseExecution.RunnerStudentRegistrationForm" time="74.132" errors="0" timestamp="2025-09-27T11:48:08 IST" skipped="0">
  <testcase classname="TestCaseExecution.RunnerStudentRegistrationForm" name="runScenario" time="74.132"/>
</testsuite> <!-- TestCaseExecution.RunnerStudentRegistrationForm -->
